[06:49:45] [main/INFO]: Loading Minecraft 1.21.1 with Fabric Loader 0.16.3
[06:49:45] [main/INFO]: Loading 4 mods:
	- fabricloader 0.16.3
	   \-- mixinextras 0.4.1
	- java 21
	- minecraft 1.21.1
[06:49:45] [main/INFO]: SpongePowered MIXIN Subsystem Version=0.8.7 Source=file:/workspaces/pokeweones/servidor_minecraft/libraries/net/fabricmc/sponge-mixin/0.15.2+mixin.0.8.7/sponge-mixin-0.15.2+mixin.0.8.7.jar Service=Knot/Fabric Env=SERVER
[06:49:50] [main/INFO]: Environment: Environment[sessionHost=https://sessionserver.mojang.com, servicesHost=https://api.minecraftservices.com, name=PROD]
[06:49:51] [main/INFO]: No existing world data, creating new world
[06:49:52] [main/INFO]: Loaded 1290 recipes
[06:49:52] [main/INFO]: Loaded 1399 advancements
[06:49:53] [Server thread/INFO]: Starting minecraft server version 1.21.1
[06:49:53] [Server thread/INFO]: Loading properties
[06:49:53] [Server thread/INFO]: Default game type: SURVIVAL
[06:49:53] [Server thread/INFO]: Generating keypair
[06:49:53] [Server thread/INFO]: Starting Minecraft server on *:25565
[06:49:53] [Server thread/INFO]: Using epoll channel type
[06:49:53] [Server thread/WARN]: **** SERVER IS RUNNING IN OFFLINE/INSECURE MODE!
[06:49:53] [Server thread/WARN]: The server will make no attempt to authenticate usernames. Beware.
[06:49:53] [Server thread/WARN]: While this makes the game possible to play without internet access, it also opens up the ability for hackers to connect with any username they choose.
[06:49:53] [Server thread/WARN]: To change this, set "online-mode" to "true" in the server.properties file.
[06:49:53] [Server thread/INFO]: Preparing level "world"
[06:49:59] [Server thread/INFO]: Preparing start region for dimension minecraft:overworld
[06:49:59] [Worker-Main-3/INFO]: Preparing spawn area: 2%
[06:50:00] [Worker-Main-2/INFO]: Preparing spawn area: 2%
[06:50:00] [Worker-Main-3/INFO]: Preparing spawn area: 2%
[06:50:01] [Worker-Main-1/INFO]: Preparing spawn area: 2%
[06:50:01] [Worker-Main-2/INFO]: Preparing spawn area: 18%
[06:50:02] [Worker-Main-3/INFO]: Preparing spawn area: 18%
[06:50:02] [Worker-Main-3/INFO]: Preparing spawn area: 18%
[06:50:03] [Worker-Main-1/INFO]: Preparing spawn area: 18%
[06:50:03] [Worker-Main-2/INFO]: Preparing spawn area: 51%
[06:50:04] [Worker-Main-2/INFO]: Preparing spawn area: 51%
[06:50:04] [Worker-Main-2/INFO]: Preparing spawn area: 51%
[06:50:05] [Worker-Main-1/INFO]: Preparing spawn area: 51%
[06:50:05] [Server thread/INFO]: Time elapsed: 6012 ms
[06:50:05] [Server thread/INFO]: Done (12.257s)! For help, type "help"
